Determining if the pthread_create exist failed with the following output:
Change Dir: /home/huang/gazebo_ws/build/CMakeFiles/CMakeTmp

Run Build Command:"/usr/bin/make" "cmTC_95a7b/fast"
/usr/bin/make -f CMakeFiles/cmTC_95a7b.dir/build.make CMakeFiles/cmTC_95a7b.dir/build
make[1]: Entering directory '/home/huang/gazebo_ws/build/CMakeFiles/CMakeTmp'
Building C object CMakeFiles/cmTC_95a7b.dir/CheckSymbolExists.c.o
/usr/bin/cc    -o CMakeFiles/cmTC_95a7b.dir/CheckSymbolExists.c.o   -c /home/huang/gazebo_ws/build/CMakeFiles/CMakeTmp/CheckSymbolExists.c
Linking C executable cmTC_95a7b
/opt/cmake-3.8.2/bin/cmake -E cmake_link_script CMakeFiles/cmTC_95a7b.dir/link.txt --verbose=1
/usr/bin/cc      -rdynamic CMakeFiles/cmTC_95a7b.dir/CheckSymbolExists.c.o  -o cmTC_95a7b 
CMakeFiles/cmTC_95a7b.dir/CheckSymbolExists.c.o: In function `main':
CheckSymbolExists.c:(.text+0x16): undefined reference to `pthread_create'
collect2: error: ld returned 1 exit status
CMakeFiles/cmTC_95a7b.dir/build.make:97: recipe for target 'cmTC_95a7b' failed
make[1]: *** [cmTC_95a7b] Error 1
make[1]: Leaving directory '/home/huang/gazebo_ws/build/CMakeFiles/CMakeTmp'
Makefile:126: recipe for target 'cmTC_95a7b/fast' failed
make: *** [cmTC_95a7b/fast] Error 2

File /home/huang/gazebo_ws/build/CMakeFiles/CMakeTmp/CheckSymbolExists.c:
/* */
#include <pthread.h>

int main(int argc, char** argv)
{
  (void)argv;
#ifndef pthread_create
  return ((int*)(&pthread_create))[argc];
#else
  (void)argc;
  return 0;
#endif
}

Determining if the function pthread_create exists in the pthreads failed with the following output:
Change Dir: /home/huang/gazebo_ws/build/CMakeFiles/CMakeTmp

Run Build Command:"/usr/bin/make" "cmTC_7b092/fast"
/usr/bin/make -f CMakeFiles/cmTC_7b092.dir/build.make CMakeFiles/cmTC_7b092.dir/build
make[1]: Entering directory '/home/huang/gazebo_ws/build/CMakeFiles/CMakeTmp'
Building C object CMakeFiles/cmTC_7b092.dir/CheckFunctionExists.c.o
/usr/bin/cc   -DCHECK_FUNCTION_EXISTS=pthread_create   -o CMakeFiles/cmTC_7b092.dir/CheckFunctionExists.c.o   -c /opt/cmake-3.8.2/share/cmake-3.8/Modules/CheckFunctionExists.c
Linking C executable cmTC_7b092
/opt/cmake-3.8.2/bin/cmake -E cmake_link_script CMakeFiles/cmTC_7b092.dir/link.txt --verbose=1
/usr/bin/cc  -DCHECK_FUNCTION_EXISTS=pthread_create    -rdynamic CMakeFiles/cmTC_7b092.dir/CheckFunctionExists.c.o  -o cmTC_7b092 -lpthreads 
/usr/bin/ld: cannot find -lpthreads
collect2: error: ld returned 1 exit status
CMakeFiles/cmTC_7b092.dir/build.make:97: recipe for target 'cmTC_7b092' failed
make[1]: *** [cmTC_7b092] Error 1
make[1]: Leaving directory '/home/huang/gazebo_ws/build/CMakeFiles/CMakeTmp'
Makefile:126: recipe for target 'cmTC_7b092/fast' failed
make: *** [cmTC_7b092/fast] Error 2


